<?xml version="1.0" encoding="UTF-8"?>
<!-- Generated by org.testng.reporters.JUnitReportReporter -->
<testsuite name="com.makemytrip.testcasespractice.Annotations" tests="2" time="0.012" ignored="0" failures="0" timestamp="29 Sep 2017 10:52:00 GMT" skipped="0" hostname="admin-PC" errors="0">
  <testcase name="testCase1" time="0.010" classname="com.makemytrip.testcasespractice.Annotations"/>
  <testcase name="testCase2" time="0.002" classname="com.makemytrip.testcasespractice.Annotations"/>
</testsuite> <!-- com.makemytrip.testcasespractice.Annotations -->
