<?xml version="1.0" encoding="UTF-8"?>
<!-- Generated by org.testng.reporters.JUnitReportReporter -->
<testsuite name="com.makemytrip.testcases.TC_002SignUpPageTestCases" tests="8" time="153.962" ignored="0" failures="0" timestamp="29 Sep 2017 10:55:33 GMT" skipped="6" hostname="admin-PC" errors="0">
  <testcase name="SignUpPageTestCase" time="71.538" classname="com.makemytrip.testcases.TC_002SignUpPageTestCases"/>
  <testcase name="SignUpPageTestCase" time="0.116" classname="com.makemytrip.testcases.TC_002SignUpPageTestCases">
    <skipped/>
  </testcase> <!-- SignUpPageTestCase -->
  <testcase name="SignUpPageTestCase" time="0.115" classname="com.makemytrip.testcases.TC_002SignUpPageTestCases">
    <skipped/>
  </testcase> <!-- SignUpPageTestCase -->
  <testcase name="SignUpPageTestCase" time="0.159" classname="com.makemytrip.testcases.TC_002SignUpPageTestCases">
    <skipped/>
  </testcase> <!-- SignUpPageTestCase -->
  <testcase name="SignUpPageTestCase" time="0.141" classname="com.makemytrip.testcases.TC_002SignUpPageTestCases">
    <skipped/>
  </testcase> <!-- SignUpPageTestCase -->
  <testcase name="SignUpPageTestCase" time="81.742" classname="com.makemytrip.testcases.TC_002SignUpPageTestCases"/>
  <testcase name="SignUpPageTestCase" time="0.088" classname="com.makemytrip.testcases.TC_002SignUpPageTestCases">
    <skipped/>
  </testcase> <!-- SignUpPageTestCase -->
  <testcase name="SignUpPageTestCase" time="0.063" classname="com.makemytrip.testcases.TC_002SignUpPageTestCases">
    <skipped/>
  </testcase> <!-- SignUpPageTestCase -->
</testsuite> <!-- com.makemytrip.testcases.TC_002SignUpPageTestCases -->
