<?xml version="1.0" encoding="UTF-8"?>
<!-- Generated by org.testng.reporters.JUnitReportReporter -->
<testsuite name="com.makemytrip.testcases.TC_001LoginTestCases" tests="7" time="78.959" ignored="0" failures="0" timestamp="29 Sep 2017 10:38:30 GMT" skipped="6" hostname="admin-PC" errors="0">
  <testcase name="LoginPageTestCases" time="78.597" classname="com.makemytrip.testcases.TC_001LoginTestCases"/>
  <testcase name="LoginPageTestCases" time="0.055" classname="com.makemytrip.testcases.TC_001LoginTestCases">
    <skipped/>
  </testcase> <!-- LoginPageTestCases -->
  <testcase name="LoginPageTestCases" time="0.051" classname="com.makemytrip.testcases.TC_001LoginTestCases">
    <skipped/>
  </testcase> <!-- LoginPageTestCases -->
  <testcase name="LoginPageTestCases" time="0.049" classname="com.makemytrip.testcases.TC_001LoginTestCases">
    <skipped/>
  </testcase> <!-- LoginPageTestCases -->
  <testcase name="LoginPageTestCases" time="0.055" classname="com.makemytrip.testcases.TC_001LoginTestCases">
    <skipped/>
  </testcase> <!-- LoginPageTestCases -->
  <testcase name="LoginPageTestCases" time="0.086" classname="com.makemytrip.testcases.TC_001LoginTestCases">
    <skipped/>
  </testcase> <!-- LoginPageTestCases -->
  <testcase name="LoginPageTestCases" time="0.066" classname="com.makemytrip.testcases.TC_001LoginTestCases">
    <skipped/>
  </testcase> <!-- LoginPageTestCases -->
</testsuite> <!-- com.makemytrip.testcases.TC_001LoginTestCases -->
