<?xml version="1.0" encoding="UTF-8"?>
<!-- Generated by org.testng.reporters.JUnitReportReporter -->
<testsuite name="com.makemytrip.testcases.TC_005FlightListingPagefilterValidationTestCase" tests="1" time="140.869" ignored="0" failures="0" timestamp="03 Sep 2017 05:12:09 GMT" skipped="0" hostname="admin-PC" errors="0">
  <testcase name="flightListingPagefilterValidation" time="140.869" classname="com.makemytrip.testcases.TC_005FlightListingPagefilterValidationTestCase"/>
</testsuite> <!-- com.makemytrip.testcases.TC_005FlightListingPagefilterValidationTestCase -->
