<?xml version="1.0" encoding="UTF-8"?>
<!-- Generated by org.testng.reporters.JUnitReportReporter -->
<testsuite name="com.makemytrip.testcases.TC_002SignUpPageTestCases" tests="1" time="92.584" ignored="0" failures="0" timestamp="27 Aug 2017 14:44:12 GMT" skipped="0" hostname="admin-PC" errors="0">
  <testcase name="SignUpPageTestCase" time="92.584" classname="com.makemytrip.testcases.TC_002SignUpPageTestCases"/>
</testsuite> <!-- com.makemytrip.testcases.TC_002SignUpPageTestCases -->
