<?xml version="1.0" encoding="UTF-8"?>
<!-- Generated by org.testng.reporters.JUnitReportReporter -->
<testsuite name="com.makemytrip.testcases.TC_001LoginTestCases" tests="7" time="216.010" ignored="0" failures="0" timestamp="30 Aug 2017 12:25:22 GMT" skipped="5" hostname="admin-PC" errors="0">
  <testcase name="LoginPageTestCases" time="0.046" classname="com.makemytrip.testcases.TC_001LoginTestCases">
    <skipped/>
  </testcase> <!-- LoginPageTestCases -->
  <testcase name="LoginPageTestCases" time="106.919" classname="com.makemytrip.testcases.TC_001LoginTestCases"/>
  <testcase name="LoginPageTestCases" time="0.050" classname="com.makemytrip.testcases.TC_001LoginTestCases">
    <skipped/>
  </testcase> <!-- LoginPageTestCases -->
  <testcase name="LoginPageTestCases" time="0.047" classname="com.makemytrip.testcases.TC_001LoginTestCases">
    <skipped/>
  </testcase> <!-- LoginPageTestCases -->
  <testcase name="LoginPageTestCases" time="0.080" classname="com.makemytrip.testcases.TC_001LoginTestCases">
    <skipped/>
  </testcase> <!-- LoginPageTestCases -->
  <testcase name="LoginPageTestCases" time="0.068" classname="com.makemytrip.testcases.TC_001LoginTestCases">
    <skipped/>
  </testcase> <!-- LoginPageTestCases -->
  <testcase name="LoginPageTestCases" time="108.800" classname="com.makemytrip.testcases.TC_001LoginTestCases"/>
</testsuite> <!-- com.makemytrip.testcases.TC_001LoginTestCases -->
