<?xml version="1.0" encoding="UTF-8"?>
<!-- Generated by org.testng.reporters.JUnitReportReporter -->
<testsuite name="com.makemytrip.testcases.AppiumServerAutostart" tests="1" time="51.262" ignored="0" failures="0" timestamp="23 Aug 2017 12:26:31 GMT" skipped="0" hostname="admin-PC" errors="0">
  <testcase name="testHelloWorld" time="51.262" classname="com.makemytrip.testcases.AppiumServerAutostart"/>
</testsuite> <!-- com.makemytrip.testcases.AppiumServerAutostart -->
