<?xml version="1.0" encoding="UTF-8"?>
<!-- Generated by org.testng.reporters.JUnitReportReporter -->
<testsuite name="com.makemytrip.testcases.TC_003FlightReservation" tests="1" time="205.931" ignored="0" failures="0" timestamp="02 Sep 2017 15:32:24 GMT" skipped="0" hostname="admin-PC" errors="0">
  <testcase name="flightReseverationpage" time="205.931" classname="com.makemytrip.testcases.TC_003FlightReservation"/>
</testsuite> <!-- com.makemytrip.testcases.TC_003FlightReservation -->
