<?xml version="1.0" encoding="UTF-8"?>
<!-- Generated by org.testng.reporters.JUnitReportReporter -->
<testsuite name="com.makemytrip.testcasespractice.Test" tests="1" time="0.000" ignored="0" failures="0" timestamp="01 Sep 2017 16:49:09 GMT" skipped="1" hostname="admin-PC" errors="0">
  <testcase name="testcase_001" time="0.000" classname="com.makemytrip.testcasespractice.Test">
    <skipped/>
  </testcase> <!-- testcase_001 -->
</testsuite> <!-- com.makemytrip.testcasespractice.Test -->
